This is pdfeTeX, Version 3.141592-1.21a-2.2 (Web2C 7.5.4) (format=pdflatex 2013.6.18)  27 JUN 2014 12:29
entering extended mode
**NoiseHedonicRaR.tex
(./NoiseHedonicRaR.tex
LaTeX2e <2003/12/01>
Babel <v3.8d> and hyphenation patterns for american, french, german, ngerman, b
ahasa, basque, bulgarian, catalan, croatian, czech, danish, dutch, esperanto, e
stonian, finnish, greek, icelandic, irish, italian, latin, magyar, norsk, polis
h, portuges, romanian, russian, serbian, slovak, slovene, spanish, swedish, tur
kish, ukrainian, nohyphenation, loaded.
(/usr/share/texmf/tex/latex/base/article.cls
Document Class: article 2004/02/16 v1.4f Standard LaTeX document class
(/usr/share/texmf/tex/latex/base/size10.clo
File: size10.clo 2004/02/16 v1.4f Standard LaTeX file (size option)
)
\c@part=\count79
\c@section=\count80
\c@subsection=\count81
\c@subsubsection=\count82
\c@paragraph=\count83
\c@subparagraph=\count84
\c@figure=\count85
\c@table=\count86
\abovecaptionskip=\skip41
\belowcaptionskip=\skip42
\bibindent=\dimen102
)
(/usr/share/texmf/tex/latex/graphics/graphicx.sty
Package: graphicx 1999/02/16 v1.0f Enhanced LaTeX Graphics (DPC,SPQR)

(/usr/share/texmf/tex/latex/graphics/keyval.sty
Package: keyval 1999/03/16 v1.13 key=value parser (DPC)
\KV@toks@=\toks14
)
(/usr/share/texmf/tex/latex/graphics/graphics.sty
Package: graphics 2001/07/07 v1.0n Standard LaTeX Graphics (DPC,SPQR)

(/usr/share/texmf/tex/latex/graphics/trig.sty
Package: trig 1999/03/16 v1.09 sin cos tan (DPC)
)
(/usr/share/texmf/tex/latex/graphics/graphics.cfg
File: graphics.cfg 2005/02/03 v1.3 graphics configuration of teTeX/TeXLive
)
Package graphics Info: Driver file: pdftex.def on input line 80.

(/usr/share/texmf/tex/latex/graphics/pdftex.def
File: pdftex.def 2002/06/19 v0.03k graphics/color for pdftex
\Gread@gobject=\count87
))
\Gin@req@height=\dimen103
\Gin@req@width=\dimen104
)
(/usr/share/texmf/tex/latex/graphics/color.sty
Package: color 1999/02/16 v1.0i Standard LaTeX Color (DPC)

(/usr/share/texmf/tex/latex/graphics/color.cfg
File: color.cfg 2005/02/03 v1.3 color configuration of teTeX/TeXLive
)
Package color Info: Driver file: pdftex.def on input line 125.
)
(/usr/share/R/texmf/tex/latex/upquote.sty
Package: upquote 2003/08/11 v1.1 Covington's upright-quote modification to verb
atim and verb

(/usr/share/texmf/tex/latex/base/textcomp.sty
Package: textcomp 2004/02/22 v1.99f Standard LaTeX package
Package textcomp Info: Sub-encoding information:
(textcomp)               5 = only ISO-Adobe without \textcurrency
(textcomp)               4 = 5 + \texteuro
(textcomp)               3 = 4 + \textohm
(textcomp)               2 = 3 + \textestimated + \textcurrency
(textcomp)               1 = TS1 - \textcircled - \t
(textcomp)               0 = TS1 (full)
(textcomp)             Font families with sub-encoding setting implement
(textcomp)             only a restricted character set as indicated.
(textcomp)             Family '?' is the default used for unknown fonts.
(textcomp)             See the documentation for details.
Package textcomp Info: Setting ? sub-encoding to TS1/1 on input line 71.

(/usr/share/texmf/tex/latex/base/ts1enc.def
File: ts1enc.def 2001/06/05 v3.0e (jk/car/fm) Standard LaTeX file
)
LaTeX Info: Redefining \oldstylenums on input line 266.
Package textcomp Info: Setting cmr sub-encoding to TS1/0 on input line 281.
Package textcomp Info: Setting cmss sub-encoding to TS1/0 on input line 282.
Package textcomp Info: Setting cmtt sub-encoding to TS1/0 on input line 283.
Package textcomp Info: Setting cmvtt sub-encoding to TS1/0 on input line 284.
Package textcomp Info: Setting cmbr sub-encoding to TS1/0 on input line 285.
Package textcomp Info: Setting cmtl sub-encoding to TS1/0 on input line 286.
Package textcomp Info: Setting ccr sub-encoding to TS1/0 on input line 287.
Package textcomp Info: Setting ptm sub-encoding to TS1/4 on input line 288.
Package textcomp Info: Setting pcr sub-encoding to TS1/4 on input line 289.
Package textcomp Info: Setting phv sub-encoding to TS1/4 on input line 290.
Package textcomp Info: Setting ppl sub-encoding to TS1/3 on input line 291.
Package textcomp Info: Setting pag sub-encoding to TS1/4 on input line 292.
Package textcomp Info: Setting pbk sub-encoding to TS1/4 on input line 293.
Package textcomp Info: Setting pnc sub-encoding to TS1/4 on input line 294.
Package textcomp Info: Setting pzc sub-encoding to TS1/4 on input line 295.
Package textcomp Info: Setting bch sub-encoding to TS1/4 on input line 296.
Package textcomp Info: Setting put sub-encoding to TS1/5 on input line 297.
Package textcomp Info: Setting uag sub-encoding to TS1/5 on input line 298.
Package textcomp Info: Setting ugq sub-encoding to TS1/5 on input line 299.
Package textcomp Info: Setting ul8 sub-encoding to TS1/4 on input line 300.
Package textcomp Info: Setting ul9 sub-encoding to TS1/4 on input line 301.
Package textcomp Info: Setting augie sub-encoding to TS1/5 on input line 302.
Package textcomp Info: Setting dayrom sub-encoding to TS1/3 on input line 303.
Package textcomp Info: Setting dayroms sub-encoding to TS1/3 on input line 304.

Package textcomp Info: Setting pxr sub-encoding to TS1/0 on input line 305.
Package textcomp Info: Setting pxss sub-encoding to TS1/0 on input line 306.
Package textcomp Info: Setting pxtt sub-encoding to TS1/0 on input line 307.
Package textcomp Info: Setting txr sub-encoding to TS1/0 on input line 308.
Package textcomp Info: Setting txss sub-encoding to TS1/0 on input line 309.
Package textcomp Info: Setting txtt sub-encoding to TS1/0 on input line 310.
Package textcomp Info: Setting futs sub-encoding to TS1/4 on input line 311.
Package textcomp Info: Setting futx sub-encoding to TS1/4 on input line 312.
Package textcomp Info: Setting futj sub-encoding to TS1/4 on input line 313.
Package textcomp Info: Setting hlh sub-encoding to TS1/3 on input line 314.
Package textcomp Info: Setting hls sub-encoding to TS1/3 on input line 315.
Package textcomp Info: Setting hlst sub-encoding to TS1/3 on input line 316.
Package textcomp Info: Setting hlct sub-encoding to TS1/5 on input line 317.
Package textcomp Info: Setting hlx sub-encoding to TS1/5 on input line 318.
Package textcomp Info: Setting hlce sub-encoding to TS1/5 on input line 319.
Package textcomp Info: Setting hlcn sub-encoding to TS1/5 on input line 320.
Package textcomp Info: Setting hlcw sub-encoding to TS1/5 on input line 321.
Package textcomp Info: Setting hlcf sub-encoding to TS1/5 on input line 322.
Package textcomp Info: Setting pplx sub-encoding to TS1/3 on input line 323.
Package textcomp Info: Setting pplj sub-encoding to TS1/3 on input line 324.
Package textcomp Info: Setting ptmx sub-encoding to TS1/4 on input line 325.
Package textcomp Info: Setting ptmj sub-encoding to TS1/4 on input line 326.
))
(/usr/share/texmf/tex/latex/framed/framed.sty
Package: framed 2003/07/21 v 0.8a: framed or shaded text with page breaks
\FrameRule=\dimen105
\FrameSep=\dimen106
)
(/usr/share/texmf/tex/latex/base/alltt.sty
Package: alltt 1997/06/16 v2.0g defines alltt environment
)
(/usr/share/texmf/tex/latex/natbib/natbib.sty
Package: natbib 2003/06/06 7.1 (PWD)
\bibhang=\skip43
\bibsep=\skip44
LaTeX Info: Redefining \cite on input line 518.
\c@NAT@ctr=\count88
)
(/usr/share/texmf/tex/latex/tools/dcolumn.sty
Package: dcolumn 2001/05/28 v1.06 decimal alignment package (DPC)

(/usr/share/texmf/tex/latex/tools/array.sty
Package: array 2003/12/17 v2.4a Tabular extension package (FMi)
\col@sep=\dimen107
\extrarowheight=\dimen108
\NC@list=\toks15
\extratabsurround=\skip45
\backup@length=\skip46
))
(/usr/share/texmf/tex/latex/rotating/rotating.sty
Package: rotating 1997/09/26 v2.13 Rotation package

(/usr/share/texmf/tex/latex/base/ifthen.sty
Package: ifthen 2001/05/26 v1.1c Standard LaTeX ifthen package (DPC)
)
\c@r@tfl@t=\count89
\rot@float@box=\box26
)
(/usr/share/texmf/tex/latex/endfloat/endfloat.sty
Package: endfloat 1995/10/11 v2.4i LaTeX2e package puts figures and tables at e
nd (jdm)
\c@postfig=\count90
\efloat@postfff=\write3
\@ef@fffopen=\count91
\c@posttbl=\count92
\efloat@postttt=\write4
\@ef@tttopen=\count93

*** Using endfloat.cfg ***
(./endfloat.cfg)) (/usr/share/texmf/tex/latex/geometry/geometry.sty
Package: geometry 2002/07/08 v3.2 Page Geometry
\Gm@cnth=\count94
\Gm@cntv=\count95
\c@Gm@tempcnt=\count96
\Gm@bindingoffset=\dimen109
\Gm@wd@mp=\dimen110
\Gm@odd@mp=\dimen111
\Gm@even@mp=\dimen112
\Gm@dimlist=\toks16

(/usr/share/texmf/tex/latex/geometry/geometry.cfg))
(/usr/share/texmf/tex/latex/caption/caption.sty
Package: caption 2006/01/12 v3.0i Customising captions (AR)

(/usr/share/texmf/tex/latex/caption/caption3.sty
Package: caption3 2006/01/12 v3.0i caption3 kernel (AR)
\captionmargin=\dimen113
\captionmarginx=\dimen114
\captionwidth=\dimen115
\captionindent=\dimen116
\captionparindent=\dimen117
\captionhangindent=\dimen118
)
Package caption Info: rotating package v2.0 (or newer) detected on input line 3
66.
)
(/usr/share/texmf/tex/latex/amsmath/amsmath.sty
Package: amsmath 2000/07/18 v2.13 AMS math features
\@mathmargin=\skip47

For additional information on amsmath, use the `?' option.
(/usr/share/texmf/tex/latex/amsmath/amstext.sty
Package: amstext 2000/06/29 v2.01

(/usr/share/texmf/tex/latex/amsmath/amsgen.sty
File: amsgen.sty 1999/11/30 v2.0
\@emptytoks=\toks17
\ex@=\dimen119
))
(/usr/share/texmf/tex/latex/amsmath/amsbsy.sty
Package: amsbsy 1999/11/29 v1.2d
\pmbraise@=\dimen120
)
(/usr/share/texmf/tex/latex/amsmath/amsopn.sty
Package: amsopn 1999/12/14 v2.01 operator names
)
\inf@bad=\count97
LaTeX Info: Redefining \frac on input line 211.
\uproot@=\count98
\leftroot@=\count99
LaTeX Info: Redefining \overline on input line 307.
\classnum@=\count100
\DOTSCASE@=\count101
LaTeX Info: Redefining \ldots on input line 379.
LaTeX Info: Redefining \dots on input line 382.
LaTeX Info: Redefining \cdots on input line 467.
\Mathstrutbox@=\box27
\strutbox@=\box28
\big@size=\dimen121
LaTeX Font Info:    Redeclaring font encoding OML on input line 567.
LaTeX Font Info:    Redeclaring font encoding OMS on input line 568.
\macc@depth=\count102
\c@MaxMatrixCols=\count103
\dotsspace@=\muskip10
\c@parentequation=\count104
\dspbrk@lvl=\count105
\tag@help=\toks18
\row@=\count106
\column@=\count107
\maxfields@=\count108
\andhelp@=\toks19
\eqnshift@=\dimen122
\alignsep@=\dimen123
\tagshift@=\dimen124
\tagwidth@=\dimen125
\totwidth@=\dimen126
\lineht@=\dimen127
\@envbody=\toks20
\multlinegap=\skip48
\multlinetaggap=\skip49
\mathdisplay@stack=\toks21
LaTeX Info: Redefining \[ on input line 2666.
LaTeX Info: Redefining \] on input line 2667.
)
(/usr/share/texmf/tex/latex/setspace/setspace.sty
Package: setspace 2000/12/01 6.7 Contributed and Supported LaTeX2e package

Package: `setspace' 6.7 <2000/12/01>
) (/usr/share/texmf/tex/latex/multirow/multirow.sty
\bigstrutjot=\dimen128
)
(/usr/share/texmf/tex/latex/hyperref/hyperref.sty
Package: hyperref 2003/11/30 v6.74m Hypertext links for LaTeX
\@linkdim=\dimen129
\Hy@linkcounter=\count109
\Hy@pagecounter=\count110

(/usr/share/texmf/tex/latex/hyperref/pd1enc.def
File: pd1enc.def 2003/11/30 v6.74m Hyperref: PDFDocEncoding definition (HO)
)
(/usr/share/texmf/tex/latex/hyperref/hyperref.cfg
File: hyperref.cfg 2002/06/06 v1.2 hyperref configuration of TeXLive and teTeX
)
Package hyperref Info: Hyper figures OFF on input line 1880.
Package hyperref Info: Link nesting OFF on input line 1885.
Package hyperref Info: Hyper index ON on input line 1888.
Package hyperref Info: Plain pages ON on input line 1893.
Package hyperref Info: Backreferencing OFF on input line 1900.

Implicit mode ON; LaTeX internals redefined
Package hyperref Info: Bookmarks ON on input line 2004.
(/usr/share/texmf/tex/latex/url/url.sty
\Urlmuskip=\muskip11
Package: url 2004/03/15  ver 3.1  Verb mode for urls, etc.
)
LaTeX Info: Redefining \url on input line 2143.
\Fld@menulength=\count111
\Field@Width=\dimen130
\Fld@charsize=\dimen131
\Choice@toks=\toks22
\Field@toks=\toks23
Package hyperref Info: Hyper figures OFF on input line 2618.
Package hyperref Info: Link nesting OFF on input line 2623.
Package hyperref Info: Hyper index ON on input line 2626.
Package hyperref Info: backreferencing OFF on input line 2633.
Package hyperref Info: Link coloring OFF on input line 2638.
\c@Item=\count112
\c@Hfootnote=\count113
)
*hyperref using default driver hpdftex*
(/usr/share/texmf/tex/latex/hyperref/hpdftex.def
File: hpdftex.def 2003/11/30 v6.74m Hyperref driver for pdfTeX

(/usr/share/texmf/tex/latex/psnfss/pifont.sty
Package: pifont 2004/09/15 PSNFSS-v9.2 Pi font support (SPQR) 
LaTeX Font Info:    Try loading font information for U+pzd on input line 63.

(/usr/share/texmf/tex/latex/psnfss/upzd.fd
File: upzd.fd 2001/06/04 font definitions for U/pzd.
)
LaTeX Font Info:    Try loading font information for U+psy on input line 64.

(/usr/share/texmf/tex/latex/psnfss/upsy.fd
File: upsy.fd 2001/06/04 font definitions for U/psy.
))
\Fld@listcount=\count114
\@outlinefile=\write5
)
(/usr/share/texmf/tex/latex/lineno/lineno.sty
Package: lineno 2005/01/10 line numbers on paragraphs v4.1c
\linenopenalty=\count115
\output=\toks24
\linenoprevgraf=\count116
\linenumbersep=\dimen132
\linenumberwidth=\dimen133
\c@linenumber=\count117
\c@pagewiselinenumber=\count118
\n@LN@truepage=\count119
\c@linenumbermodulo=\count120
\c@internallinenumber=\count121
\c@internallinenumbers=\count122
\quotelinenumbersep=\dimen134
\bframerule=\dimen135
\bframesep=\dimen136
\bframebox=\box29
LaTeX Info: Redefining \\ on input line 2405.
) (./NoiseHedonicRaR.aux)
\openout1 = `NoiseHedonicRaR.aux'.

LaTeX Font Info:    Checking defaults for OML/cmm/m/it on input line 82.
LaTeX Font Info:    ... okay on input line 82.
LaTeX Font Info:    Checking defaults for T1/cmr/m/n on input line 82.
LaTeX Font Info:    ... okay on input line 82.
LaTeX Font Info:    Checking defaults for OT1/cmr/m/n on input line 82.
LaTeX Font Info:    ... okay on input line 82.
LaTeX Font Info:    Checking defaults for OMS/cmsy/m/n on input line 82.
LaTeX Font Info:    ... okay on input line 82.
LaTeX Font Info:    Checking defaults for OMX/cmex/m/n on input line 82.
LaTeX Font Info:    ... okay on input line 82.
LaTeX Font Info:    Checking defaults for U/cmr/m/n on input line 82.
LaTeX Font Info:    ... okay on input line 82.
LaTeX Font Info:    Checking defaults for TS1/cmr/m/n on input line 82.
LaTeX Font Info:    Try loading font information for TS1+cmr on input line 82.

(/usr/share/texmf/tex/latex/base/ts1cmr.fd
File: ts1cmr.fd 1999/05/25 v2.5h Standard LaTeX font definitions
)
LaTeX Font Info:    ... okay on input line 82.
LaTeX Font Info:    Checking defaults for PD1/pdf/m/n on input line 82.
LaTeX Font Info:    ... okay on input line 82.

(/usr/share/texmf/tex/context/base/supp-pdf.tex
(/usr/share/texmf/tex/context/base/supp-mis.tex
loading : Context Support Macros / Miscellaneous (2004.10.26)
\protectiondepth=\count123
\scratchcounter=\count124
\scratchtoks=\toks25
\scratchdimen=\dimen137
\scratchskip=\skip50
\scratchmuskip=\muskip12
\scratchbox=\box30
\scratchread=\read1
\scratchwrite=\write6
\zeropoint=\dimen138
\onepoint=\dimen139
\onebasepoint=\dimen140
\minusone=\count125
\thousandpoint=\dimen141
\onerealpoint=\dimen142
\emptytoks=\toks26
\nextbox=\box31
\nextdepth=\dimen143
\everyline=\toks27
\!!counta=\count126
\!!countb=\count127
\recursecounter=\count128
)
loading : Context Support Macros / PDF (2004.03.26)
\nofMPsegments=\count129
\nofMParguments=\count130
\MPscratchCnt=\count131
\MPscratchDim=\dimen144
\MPnumerator=\count132
\everyMPtoPDFconversion=\toks28
)
-------------------- Geometry parameters
paper: class default
landscape: --
twocolumn: --
twoside: --
asymmetric: --
h-parts: 126.4725pt, 361.34999pt, 126.4725pt
v-parts: 95.39737pt, 0.7\paperheight , 143.09605pt (default)
hmarginratio: 1:1
vmarginratio: 2:3
lines: --
heightrounded: --
bindingoffset: 0.0pt
truedimen: --
includehead: --
includefoot: --
includemp: --
driver: pdftex
-------------------- Page layout dimensions and switches
\paperwidth  614.295pt
\paperheight 794.96999pt
\textwidth  361.34999pt
\textheight 556.47656pt
\oddsidemargin  54.20251pt
\evensidemargin 54.20251pt
\topmargin  -13.87262pt
\headheight 12.0pt
\headsep    25.0pt
\footskip   30.0pt
\marginparwidth 65.0pt
\marginparsep   11.0pt
\columnsep  10.0pt
\skip\footins  9.0pt plus 4.0pt minus 2.0pt
\hoffset 0.0pt
\voffset 0.0pt
\mag 1000

(1in=72.27pt, 1cm=28.45pt)
-----------------------
 (/usr/share/texmf/tex/latex/ms/ragged2e.sty
Package: ragged2e 2003/03/25 v2.04 ragged2e Package (MS)

(/usr/share/texmf/tex/latex/ms/everysel.sty
Package: everysel 1999/06/08 v1.03 EverySelectfont Package (MS)
LaTeX Info: Redefining \selectfont on input line 125.
)
\CenteringLeftskip=\skip51
\RaggedLeftLeftskip=\skip52
\RaggedRightLeftskip=\skip53
\CenteringRightskip=\skip54
\RaggedLeftRightskip=\skip55
\RaggedRightRightskip=\skip56
\CenteringParfillskip=\skip57
\RaggedLeftParfillskip=\skip58
\RaggedRightParfillskip=\skip59
\JustifyingParfillskip=\skip60
\CenteringParindent=\skip61
\RaggedLeftParindent=\skip62
\RaggedRightParindent=\skip63
\JustifyingParindent=\skip64
)
Package caption Info: hyperref package v6.74m (or newer) detected on input line
 82.
Package hyperref Info: Link coloring OFF on input line 82.

(/usr/share/texmf/tex/latex/hyperref/nameref.sty
Package: nameref 2003/12/03 v2.21 Cross-referencing by name of section
\c@section@level=\count133
)
LaTeX Info: Redefining \ref on input line 82.
LaTeX Info: Redefining \pageref on input line 82.
 (./NoiseHedonicRaR.out)
(./NoiseHedonicRaR.out)
\openout5 = `NoiseHedonicRaR.out'.

 [1

{/usr/share/texmf-var/fonts/map/pdftex/updmap/pdftex.map}]
! pdfTeX warning (ext4): destination with the same identifier (name{page.1}) ha
s been already used, duplicate ignored
<to be read again> 
                   \penalty 
l.103 
       [1

] [2] [3]
\openout3 = `NoiseHedonicRaR.fff'.

 (NoiseHedonicRaR.fff)
\openout4 = `NoiseHedonicRaR.ttt'.

 (NoiseHedonicRaR.ttt) [4] [5] [6]
[7] [8] [9] [10] [11] [12] [13] [14] [15] [16] [17] [18] [19] [20]
Overfull \hbox (4.40067pt too wide) in paragraph at lines 575--576
\OT1/cmr/m/n/10 We es-ti-mated a he-do-nic price func-tion for sin-gle fam-ily 
houses us-ing Lo-cally Weighted
 []

[21] [22] [23] (./NoiseHedonicRaR.bbl [24] [25] [26] [27])
AED endfloat: Processing end Figures and Tables [28] (./NoiseHedonicRaR.fff
<../graphs/Overview2column.jpg, id=501, 794.97pt x 614.295pt>
File: ../graphs/Overview2column.jpg Graphic file (type jpg)

<use ../graphs/Overview2column.jpg> [29 <../graphs/Overview2column.jpg>]
<../graphs/DensityPlotsByYear.pdf, id=506, 650.43pt x 1084.05pt>
File: ../graphs/DensityPlotsByYear.pdf Graphic file (type pdf)

<use ../graphs/DensityPlotsByYear.pdf>

LaTeX Warning: Float too large for page by 71.39038pt on input line 12.

[30 <../graphs/DensityPlotsByYear.pdf>]
Warning: /usr/bin/pdflatex (file ../graphs/SaleValue_with05.pdf): pdf inclusion
: found pdf version <1.6>, but at most version <1.4> allowed
<../graphs/SaleValue_with05.pdf, id=518, 679.02505pt x 614.295pt>
File: ../graphs/SaleValue_with05.pdf Graphic file (type pdf)

<use ../graphs/SaleValue_with05.pdf> [31 <../graphs/SaleValue_with05.pdf>]
<../graphs/GCVbyModel.pdf, id=583, 578.16pt x 433.62pt>
File: ../graphs/GCVbyModel.pdf Graphic file (type pdf)

<use ../graphs/GCVbyModel.pdf> [32 <../graphs/GCVbyModel.pdf>]
Warning: /usr/bin/pdflatex (file ../graphs/AcreBeta_allBandwidth.pdf): pdf incl
usion: found pdf version <1.6>, but at most version <1.4> allowed
<../graphs/AcreBeta_allBandwidth.pdf, id=597, 614.295pt x 794.97pt>
File: ../graphs/AcreBeta_allBandwidth.pdf Graphic file (type pdf)

<use ../graphs/AcreBeta_allBandwidth.pdf> [33 <../graphs/AcreBeta_allBandwidth.
pdf>]
Warning: /usr/bin/pdflatex (file ../graphs/FinSqFtBeta_allBandwidth.pdf): pdf i
nclusion: found pdf version <1.6>, but at most version <1.4> allowed
<../graphs/FinSqFtBeta_allBandwidth.pdf, id=656, 614.295pt x 794.97pt>
File: ../graphs/FinSqFtBeta_allBandwidth.pdf Graphic file (type pdf)

<use ../graphs/FinSqFtBeta_allBandwidth.pdf> [34 <../graphs/FinSqFtBeta_allBand
width.pdf>]
Warning: /usr/bin/pdflatex (file ../graphs/NoiseBeta_allBandwidth.pdf): pdf inc
lusion: found pdf version <1.6>, but at most version <1.4> allowed
<../graphs/NoiseBeta_allBandwidth.pdf, id=716, 614.295pt x 794.97pt>
File: ../graphs/NoiseBeta_allBandwidth.pdf Graphic file (type pdf)

<use ../graphs/NoiseBeta_allBandwidth.pdf> [35 <../graphs/NoiseBeta_allBandwidt
h.pdf>] <../graphs/MCsimResultsSDs500.pdf, id=775, 578.16pt x 433.62pt>
File: ../graphs/MCsimResultsSDs500.pdf Graphic file (type pdf)

<use ../graphs/MCsimResultsSDs500.pdf> [36 <../graphs/MCsimResultsSDs500.pdf>]
<../graphs/MCsimResultsSDs650.pdf, id=787, 578.16pt x 433.62pt>
File: ../graphs/MCsimResultsSDs650.pdf Graphic file (type pdf)

<use ../graphs/MCsimResultsSDs650.pdf> [37 <../graphs/MCsimResultsSDs650.pdf>]
Warning: /usr/bin/pdflatex (file ../graphs/Acre_50_200_ByYear.pdf): pdf inclusi
on: found pdf version <1.6>, but at most version <1.4> allowed
<../graphs/Acre_50_200_ByYear.pdf, id=799, 794.97pt x 614.295pt>
File: ../graphs/Acre_50_200_ByYear.pdf Graphic file (type pdf)

<use ../graphs/Acre_50_200_ByYear.pdf> Adding sideways figure on 
right hand page [38 <../graphs/Acre_50_200_ByYear.pdf>]
Warning: /usr/bin/pdflatex (file ../graphs/FinFt_50_200_ByYear.pdf): pdf inclus
ion: found pdf version <1.6>, but at most version <1.4> allowed
<../graphs/FinFt_50_200_ByYear.pdf, id=874, 794.97pt x 614.295pt>
File: ../graphs/FinFt_50_200_ByYear.pdf Graphic file (type pdf)

<use ../graphs/FinFt_50_200_ByYear.pdf> Adding sideways figure on 
right hand page [39 <../graphs/FinFt_50_200_ByYear.pdf>]
Warning: /usr/bin/pdflatex (file ../graphs/Noise_50_200_ByYear.pdf): pdf inclus
ion: found pdf version <1.6>, but at most version <1.4> allowed
<../graphs/Noise_50_200_ByYear.pdf, id=950, 794.97pt x 614.295pt>
File: ../graphs/Noise_50_200_ByYear.pdf Graphic file (type pdf)

<use ../graphs/Noise_50_200_ByYear.pdf> Adding sideways figure on 
right hand page [40 <../graphs/Noise_50_200_ByYear.pdf>]
Warning: /usr/bin/pdflatex (file ../graphs/DakotaResults.pdf): pdf inclusion: f
ound pdf version <1.5>, but at most version <1.4> allowed
<../graphs/DakotaResults.pdf, id=1025, 578.16pt x 433.62pt>
File: ../graphs/DakotaResults.pdf Graphic file (type pdf)

<use ../graphs/DakotaResults.pdf> [41 <../graphs/DakotaResults.pdf>])
(./NoiseHedonicRaR.ttt
Overfull \hbox (4.62497pt too wide) detected at line 28
$\OML/cmm/m/it/9 :\OT1/cmr/m/n/9 02$ 
 []


Overfull \hbox (4.62497pt too wide) detected at line 28
$\OML/cmm/m/it/9 :\OT1/cmr/m/n/9 17$ 
 []


Overfull \hbox (4.62497pt too wide) detected at line 28
$\OML/cmm/m/it/9 :\OT1/cmr/m/n/9 25$ 
 []


Overfull \hbox (4.62497pt too wide) detected at line 28
$\OML/cmm/m/it/9 :\OT1/cmr/m/n/9 25$ 
 []


Overfull \hbox (4.62497pt too wide) detected at line 28
$\OML/cmm/m/it/9 :\OT1/cmr/m/n/9 31$ 
 []


Overfull \hbox (4.62497pt too wide) detected at line 28
$\OML/cmm/m/it/9 :\OT1/cmr/m/n/9 60$ 
 []


Overfull \hbox (4.62497pt too wide) detected at line 28
$\OML/cmm/m/it/9 :\OT1/cmr/m/n/9 11$ 
 []

[42] [43]
Overfull \hbox (3.98613pt too wide) detected at line 91
$\OML/cmm/m/it/7 :\OT1/cmr/m/n/7 25$ 
 []


Overfull \hbox (3.98613pt too wide) detected at line 91
$\OML/cmm/m/it/7 :\OT1/cmr/m/n/7 25$ 
 []


Overfull \hbox (3.98613pt too wide) detected at line 91
$\OML/cmm/m/it/7 :\OT1/cmr/m/n/7 25$ 
 []


Overfull \hbox (3.98613pt too wide) detected at line 91
$\OML/cmm/m/it/7 :\OT1/cmr/m/n/7 26$ 
 []


Overfull \hbox (3.98613pt too wide) detected at line 91
$\OML/cmm/m/it/7 :\OT1/cmr/m/n/7 25$ 
 []


Overfull \hbox (3.98613pt too wide) detected at line 91
$\OML/cmm/m/it/7 :\OT1/cmr/m/n/7 26$ 
 []


Overfull \hbox (3.98613pt too wide) detected at line 91
$\OML/cmm/m/it/7 :\OT1/cmr/m/n/7 25$ 
 []


Overfull \hbox (3.98613pt too wide) detected at line 91
$\OML/cmm/m/it/7 :\OT1/cmr/m/n/7 87$ 
 []


Overfull \hbox (3.98613pt too wide) detected at line 91
$\OML/cmm/m/it/7 :\OT1/cmr/m/n/7 87$ 
 []


Overfull \hbox (3.98613pt too wide) detected at line 91
$\OML/cmm/m/it/7 :\OT1/cmr/m/n/7 92$ 
 []


Overfull \hbox (3.98613pt too wide) detected at line 91
$\OML/cmm/m/it/7 :\OT1/cmr/m/n/7 86$ 
 []


Overfull \hbox (3.98613pt too wide) detected at line 91
$\OML/cmm/m/it/7 :\OT1/cmr/m/n/7 60$ 
 []


Overfull \hbox (3.98613pt too wide) detected at line 91
$\OML/cmm/m/it/7 :\OT1/cmr/m/n/7 77$ 
 []


Overfull \hbox (3.98613pt too wide) detected at line 91
$\OML/cmm/m/it/7 :\OT1/cmr/m/n/7 83$ 
 []

[44] [45]
Overfull \hbox (3.98613pt too wide) detected at line 196
$\OML/cmm/m/it/7 :\OT1/cmr/m/n/7 0057$ 
 []


Overfull \hbox (3.98613pt too wide) detected at line 196
$\OML/cmm/m/it/7 :\OT1/cmr/m/n/7 0013$ 
 []


Overfull \hbox (3.98613pt too wide) detected at line 196
$\OML/cmm/m/it/7 :\OT1/cmr/m/n/7 2000$ 
 []


Overfull \hbox (3.98613pt too wide) detected at line 196
$\OML/cmm/m/it/7 :\OT1/cmr/m/n/7 4000$ 
 []


Overfull \hbox (3.98613pt too wide) detected at line 196
$\OML/cmm/m/it/7 :\OT1/cmr/m/n/7 2100$ 
 []


Overfull \hbox (3.98613pt too wide) detected at line 196
$\OML/cmm/m/it/7 :\OT1/cmr/m/n/7 6700$ 
 []


Overfull \hbox (3.98613pt too wide) detected at line 196
$\OML/cmm/m/it/7 :\OT1/cmr/m/n/7 0005$ 
 []


Overfull \hbox (3.98613pt too wide) detected at line 196
$\OML/cmm/m/it/7 :\OT1/cmr/m/n/7 0090$ 
 []


Overfull \hbox (3.98613pt too wide) detected at line 196
$\OML/cmm/m/it/7 :\OT1/cmr/m/n/7 0180$ 
 []


Overfull \hbox (3.98613pt too wide) detected at line 196
$\OML/cmm/m/it/7 :\OT1/cmr/m/n/7 0680$ 
 []


Overfull \hbox (3.98613pt too wide) detected at line 196
$\OML/cmm/m/it/7 :\OT1/cmr/m/n/7 0001$ 
 []


Overfull \hbox (3.98613pt too wide) detected at line 196
$\OML/cmm/m/it/7 :\OT1/cmr/m/n/7 0028$ 
 []


Overfull \hbox (3.98613pt too wide) detected at line 196
$\OML/cmm/m/it/7 :\OT1/cmr/m/n/7 0011$ 
 []


Overfull \hbox (3.98613pt too wide) detected at line 196
$\OML/cmm/m/it/7 :\OT1/cmr/m/n/7 0019$ 
 []


Overfull \hbox (3.98613pt too wide) detected at line 196
$\OML/cmm/m/it/7 :\OT1/cmr/m/n/7 0006$ 
 []


Overfull \hbox (3.98613pt too wide) detected at line 196
$\OML/cmm/m/it/7 :\OT1/cmr/m/n/7 0037$ 
 []


Overfull \hbox (3.98613pt too wide) detected at line 196
$\OML/cmm/m/it/7 :\OT1/cmr/m/n/7 0040$ 
 []


Overfull \hbox (3.98613pt too wide) detected at line 196
$\OML/cmm/m/it/7 :\OT1/cmr/m/n/7 0042$ 
 []


Overfull \hbox (3.98613pt too wide) detected at line 196
$\OML/cmm/m/it/7 :\OT1/cmr/m/n/7 0630$ 
 []


Overfull \hbox (3.98613pt too wide) detected at line 196
$\OML/cmm/m/it/7 :\OT1/cmr/m/n/7 0520$ 
 []


Overfull \hbox (3.98613pt too wide) detected at line 196
$\OML/cmm/m/it/7 :\OT1/cmr/m/n/7 0370$ 
 []


Overfull \hbox (3.98613pt too wide) detected at line 196
$\OML/cmm/m/it/7 :\OT1/cmr/m/n/7 0160$ 
 []


Overfull \hbox (3.98613pt too wide) detected at line 196
$\OML/cmm/m/it/7 :\OT1/cmr/m/n/7 0210$ 
 []


Overfull \hbox (3.98613pt too wide) detected at line 196
$\OML/cmm/m/it/7 :\OT1/cmr/m/n/7 0440$ 
 []


Overfull \hbox (3.98613pt too wide) detected at line 196
$\OML/cmm/m/it/7 :\OT1/cmr/m/n/7 0099$ 
 []


Overfull \hbox (3.98613pt too wide) detected at line 196
$\OML/cmm/m/it/7 :\OT1/cmr/m/n/7 0380$ 
 []

[46




















]
Overfull \hbox (7.55563pt too wide) detected at line 211
$\OML/cmm/m/it/7 :\OT1/cmr/m/n/7 00005[]$ 
 []


Overfull \hbox (3.5695pt too wide) detected at line 211
$\OML/cmm/m/it/7 :\OT1/cmr/m/n/7 00003[]$ 
 []


Overfull \hbox (3.5695pt too wide) detected at line 211
$\OML/cmm/m/it/7 :\OT1/cmr/m/n/7 00005[]$ 
 []


Overfull \hbox (3.5695pt too wide) detected at line 211
$\OML/cmm/m/it/7 :\OT1/cmr/m/n/7 00003[]$ 
 []


Overfull \hbox (3.5695pt too wide) detected at line 212
$\OML/cmm/m/it/7 :\OT1/cmr/m/n/7 00004[]$ 
 []


Overfull \hbox (3.12502pt too wide) detected at line 212
$\OML/cmm/m/it/7 :\OT1/cmr/m/n/7 000001)$ 
 []


Overfull \hbox (7.55563pt too wide) detected at line 214
$\OML/cmm/m/it/7 :\OT1/cmr/m/n/7 000001[]$ 
 []


Overfull \hbox (7.55563pt too wide) detected at line 214
$\OML/cmm/m/it/7 :\OT1/cmr/m/n/7 000001[]$ 
 []


Overfull \hbox (7.55563pt too wide) detected at line 215
$\OML/cmm/m/it/7 :\OT1/cmr/m/n/7 000001[]$ 
 []


Overfull \hbox (7.11115pt too wide) detected at line 215
$\OML/cmm/m/it/7 :\OT1/cmr/m/n/7 00000005)$ 
 []


Overfull \hbox (7.11115pt too wide) detected at line 215
$\OML/cmm/m/it/7 :\OT1/cmr/m/n/7 00000004)$ 
 []


Overfull \hbox (3.12502pt too wide) detected at line 216
$\OML/cmm/m/it/7 :\OT1/cmr/m/n/7 0000001)$ 
 []


Overfull \hbox (3.5695pt too wide) detected at line 217
$\OML/cmm/m/it/7 :\OT1/cmr/m/n/7 0016[]$ 
 []


Overfull \hbox (39.46674pt too wide) in paragraph at lines 204--228
 [][] 
 []

[47

]
Overfull \hbox (7.55563pt too wide) detected at line 244
$\OML/cmm/m/it/7 :\OT1/cmr/m/n/7 00005[]$ 
 []


Overfull \hbox (3.5695pt too wide) detected at line 244
$\OML/cmm/m/it/7 :\OT1/cmr/m/n/7 00003[]$ 
 []


Overfull \hbox (3.5695pt too wide) detected at line 244
$\OML/cmm/m/it/7 :\OT1/cmr/m/n/7 00005[]$ 
 []


Overfull \hbox (3.5695pt too wide) detected at line 244
$\OML/cmm/m/it/7 :\OT1/cmr/m/n/7 00003[]$ 
 []


Overfull \hbox (3.5695pt too wide) detected at line 244
$\OML/cmm/m/it/7 :\OT1/cmr/m/n/7 00005[]$ 
 []


Overfull \hbox (7.11115pt too wide) detected at line 245
$\OML/cmm/m/it/7 :\OT1/cmr/m/n/7 0000003)$ 
 []


Overfull \hbox (3.12502pt too wide) detected at line 245
$\OML/cmm/m/it/7 :\OT1/cmr/m/n/7 0000003)$ 
 []


Overfull \hbox (7.55563pt too wide) detected at line 247
$\OML/cmm/m/it/7 :\OT1/cmr/m/n/7 000001[]$ 
 []


Overfull \hbox (7.55563pt too wide) detected at line 247
$\OML/cmm/m/it/7 :\OT1/cmr/m/n/7 000001[]$ 
 []


Overfull \hbox (7.55563pt too wide) detected at line 248
$\OML/cmm/m/it/7 :\OT1/cmr/m/n/7 000001[]$ 
 []


Overfull \hbox (7.11115pt too wide) detected at line 248
$\OML/cmm/m/it/7 :\OT1/cmr/m/n/7 00000002)$ 
 []


Overfull \hbox (7.11115pt too wide) detected at line 248
$\OML/cmm/m/it/7 :\OT1/cmr/m/n/7 00000002)$ 
 []


Overfull \hbox (3.12502pt too wide) detected at line 249
$\OML/cmm/m/it/7 :\OT1/cmr/m/n/7 0000001)$ 
 []


Overfull \hbox (3.5695pt too wide) detected at line 250
$\OML/cmm/m/it/7 :\OT1/cmr/m/n/7 0014[]$ 
 []

Adding sideways figure on  right hand page [48]) (./NoiseHedonicRaR.aux) ) 
Here is how much of TeX's memory you used:
 5537 strings out of 94500
 77423 string characters out of 1176766
 140967 words of memory out of 1000000
 8434 multiletter control sequences out of 10000+50000
 13951 words of font info for 49 fonts, out of 500000 for 2000
 580 hyphenation exceptions out of 1000
 35i,17n,38p,1685b,383s stack positions out of 1500i,500n,5000p,200000b,5000s
PDF statistics:
 1126 PDF objects out of 300000
 149 named destinations out of 131072
 212 words of extra memory for PDF output out of 65536
</usr
/share/texmf/fonts/type1/bluesky/cm/cmmi5.pfb></usr/share/texmf/fonts/type1/blu
esky/cm/cmsy5.pfb></usr/share/texmf/fonts/type1/bluesky/cm/cmti7.pfb> </var/lib
/texmf/pk/ljfour/jknappen/tc/tcrm0700.600pk> </var/lib/texmf/pk/ljfour/jknappen
/tc/tcrm0900.600pk></usr/share/texmf/fonts/type1/bluesky/cm/cmmi9.pfb></usr/sha
re/texmf/fonts/type1/bluesky/cm/cmtt8.pfb></usr/share/texmf/fonts/type1/bluesky
/cm/cmbx10.pfb></usr/share/texmf/fonts/type1/bluesky/cm/cmsy7.pfb></usr/share/t
exmf/fonts/type1/bluesky/cm/cmr8.pfb></usr/share/texmf/fonts/type1/bluesky/cm/c
mr6.pfb> </var/lib/texmf/pk/ljfour/jknappen/tc/tcrm1000.600pk></usr/share/texmf
/fonts/type1/bluesky/cm/cmr5.pfb></usr/share/texmf/fonts/type1/bluesky/cm/cmex1
0.pfb></usr/share/texmf/fonts/type1/bluesky/cm/cmsy10.pfb></usr/share/texmf/fon
ts/type1/bluesky/cm/cmr7.pfb></usr/share/texmf/fonts/type1/bluesky/cm/cmmi7.pfb
></usr/share/texmf/fonts/type1/bluesky/cm/cmmi10.pfb></usr/share/texmf/fonts/ty
pe1/bluesky/cm/cmti10.pfb></usr/share/texmf/fonts/type1/bluesky/cm/cmss8.pfb></
usr/share/texmf/fonts/type1/bluesky/cm/cmbx12.pfb></usr/share/texmf/fonts/type1
/bluesky/cm/cmr10.pfb></usr/share/texmf/fonts/type1/bluesky/cm/cmr9.pfb></usr/s
hare/texmf/fonts/type1/bluesky/cm/cmbx9.pfb></usr/share/texmf/fonts/type1/blues
ky/cm/cmr17.pfb>
Output written on NoiseHedonicRaR.pdf (49 pages, 6595438 bytes).
