This is pdfTeX, Version 3.1415926-2.5-1.40.14 (TeX Live 2013) (format=pdflatex 2013.5.30)  11 NOV 2014 14:24
entering extended mode
 restricted \write18 enabled.
 %&-line parsing enabled.
**NoiseHedonicFinal.tex
(./NoiseHedonicFinal.tex
LaTeX2e <2011/06/27>
Babel <3.9f> and hyphenation patterns for 78 languages loaded.
(/usr/local/texlive/2013/texmf-dist/tex/latex/base/article.cls
Document Class: article 2007/10/19 v1.4h Standard LaTeX document class
(/usr/local/texlive/2013/texmf-dist/tex/latex/base/leqno.clo
File: leqno.clo 1998/08/17 v1.1c Standard LaTeX option (left equation numbers)
)
(/usr/local/texlive/2013/texmf-dist/tex/latex/base/size10.clo
File: size10.clo 2007/10/19 v1.4h Standard LaTeX file (size option)
)
\c@part=\count79
\c@section=\count80
\c@subsection=\count81
\c@subsubsection=\count82
\c@paragraph=\count83
\c@subparagraph=\count84
\c@figure=\count85
\c@table=\count86
\abovecaptionskip=\skip41
\belowcaptionskip=\skip42
\bibindent=\dimen102
)
(/usr/local/texlive/2013/texmf-dist/tex/latex/graphics/graphicx.sty
Package: graphicx 1999/02/16 v1.0f Enhanced LaTeX Graphics (DPC,SPQR)

(/usr/local/texlive/2013/texmf-dist/tex/latex/graphics/keyval.sty
Package: keyval 1999/03/16 v1.13 key=value parser (DPC)
\KV@toks@=\toks14
)
(/usr/local/texlive/2013/texmf-dist/tex/latex/graphics/graphics.sty
Package: graphics 2009/02/05 v1.0o Standard LaTeX Graphics (DPC,SPQR)

(/usr/local/texlive/2013/texmf-dist/tex/latex/graphics/trig.sty
Package: trig 1999/03/16 v1.09 sin cos tan (DPC)
)
(/usr/local/texlive/2013/texmf-dist/tex/latex/latexconfig/graphics.cfg
File: graphics.cfg 2010/04/23 v1.9 graphics configuration of TeX Live
)
Package graphics Info: Driver file: pdftex.def on input line 91.

(/usr/local/texlive/2013/texmf-dist/tex/latex/pdftex-def/pdftex.def
File: pdftex.def 2011/05/27 v0.06d Graphics/color for pdfTeX

(/usr/local/texlive/2013/texmf-dist/tex/generic/oberdiek/infwarerr.sty
Package: infwarerr 2010/04/08 v1.3 Providing info/warning/error messages (HO)
)
(/usr/local/texlive/2013/texmf-dist/tex/generic/oberdiek/ltxcmds.sty
Package: ltxcmds 2011/11/09 v1.22 LaTeX kernel commands for general use (HO)
)
\Gread@gobject=\count87
))
\Gin@req@height=\dimen103
\Gin@req@width=\dimen104
)
(/usr/local/texlive/2013/texmf-dist/tex/latex/graphics/color.sty
Package: color 2005/11/14 v1.0j Standard LaTeX Color (DPC)

(/usr/local/texlive/2013/texmf-dist/tex/latex/latexconfig/color.cfg
File: color.cfg 2007/01/18 v1.5 color configuration of teTeX/TeXLive
)
Package color Info: Driver file: pdftex.def on input line 130.
)
(/usr/local/texlive/2013/texmf-dist/tex/latex/framed/framed.sty
Package: framed 2011/10/22 v 0.96: framed or shaded text with page breaks
\OuterFrameSep=\skip43
\fb@frw=\dimen105
\fb@frh=\dimen106
\FrameRule=\dimen107
\FrameSep=\dimen108
)
(/usr/local/texlive/2013/texmf-dist/tex/latex/base/alltt.sty
Package: alltt 1997/06/16 v2.0g defines alltt environment
) (./floatpag.sty
Package: floatpag 1999/04/29 FLOAT PAGESTYLE
)
(/usr/local/texlive/2013/texmf-dist/tex/latex/natbib/natbib.sty
Package: natbib 2010/09/13 8.31b (PWD, AO)
\bibhang=\skip44
\bibsep=\skip45
LaTeX Info: Redefining \cite on input line 694.
\c@NAT@ctr=\count88
)
(/usr/local/texlive/2013/texmf-dist/tex/latex/tools/dcolumn.sty
Package: dcolumn 2001/05/28 v1.06 decimal alignment package (DPC)

(/usr/local/texlive/2013/texmf-dist/tex/latex/tools/array.sty
Package: array 2008/09/09 v2.4c Tabular extension package (FMi)
\col@sep=\dimen109
\extrarowheight=\dimen110
\NC@list=\toks15
\extratabsurround=\skip46
\backup@length=\skip47
))
(/usr/local/texlive/2013/texmf-dist/tex/latex/psnfss/pifont.sty
Package: pifont 2005/04/12 PSNFSS-v9.2a Pi font support (SPQR) 
LaTeX Font Info:    Try loading font information for U+pzd on input line 63.

(/usr/local/texlive/2013/texmf-dist/tex/latex/psnfss/upzd.fd
File: upzd.fd 2001/06/04 font definitions for U/pzd.
)
LaTeX Font Info:    Try loading font information for U+psy on input line 64.

(/usr/local/texlive/2013/texmf-dist/tex/latex/psnfss/upsy.fd
File: upsy.fd 2001/06/04 font definitions for U/psy.
))
(/usr/local/texlive/2013/texmf-dist/tex/latex/rotating/rotating.sty
Package: rotating 2009/03/28 v2.16a rotated objects in LaTeX

(/usr/local/texlive/2013/texmf-dist/tex/latex/base/ifthen.sty
Package: ifthen 2001/05/26 v1.1c Standard LaTeX ifthen package (DPC)
)
\c@r@tfl@t=\count89
\rotFPtop=\skip48
\rotFPbot=\skip49
\rot@float@box=\box26
\rot@mess@toks=\toks16
)
(/usr/local/texlive/2013/texmf-dist/tex/latex/endfloat/endfloat.sty
Package: endfloat 2011/12/25 v2.5d LaTeX2e package puts figures and tables at e
nd (jdm)
\c@postfigure=\count90
\efloat@postfff=\write3
\@ef@fffopen=\count91
\c@posttable=\count92
\efloat@postttt=\write4
\@ef@tttopen=\count93

*** Using endfloat.cfg ***
(./endfloat.cfg))
(/usr/local/texlive/2013/texmf-dist/tex/latex/geometry/geometry.sty
Package: geometry 2010/09/12 v5.6 Page Geometry

(/usr/local/texlive/2013/texmf-dist/tex/generic/oberdiek/ifpdf.sty
Package: ifpdf 2011/01/30 v2.3 Provides the ifpdf switch (HO)
Package ifpdf Info: pdfTeX in PDF mode is detected.
)
(/usr/local/texlive/2013/texmf-dist/tex/generic/oberdiek/ifvtex.sty
Package: ifvtex 2010/03/01 v1.5 Detect VTeX and its facilities (HO)
Package ifvtex Info: VTeX not detected.
)
(/usr/local/texlive/2013/texmf-dist/tex/generic/ifxetex/ifxetex.sty
Package: ifxetex 2010/09/12 v0.6 Provides ifxetex conditional
)
\Gm@cnth=\count94
\Gm@cntv=\count95
\c@Gm@tempcnt=\count96
\Gm@bindingoffset=\dimen111
\Gm@wd@mp=\dimen112
\Gm@odd@mp=\dimen113
\Gm@even@mp=\dimen114
\Gm@layoutwidth=\dimen115
\Gm@layoutheight=\dimen116
\Gm@layouthoffset=\dimen117
\Gm@layoutvoffset=\dimen118
\Gm@dimlist=\toks17
)
(/usr/local/texlive/2013/texmf-dist/tex/latex/caption/caption.sty
Package: caption 2013/05/02 v3.3-89 Customizing captions (AR)

(/usr/local/texlive/2013/texmf-dist/tex/latex/caption/caption3.sty
Package: caption3 2013/05/02 v1.6-88 caption3 kernel (AR)
Package caption3 Info: TeX engine: e-TeX on input line 57.
\captionmargin=\dimen119
\captionmargin@=\dimen120
\captionwidth=\dimen121
\caption@tempdima=\dimen122
\caption@indent=\dimen123
\caption@parindent=\dimen124
\caption@hangindent=\dimen125
)
\c@ContinuedFloat=\count97
Package caption Info: rotating package is loaded.
)
(/usr/local/texlive/2013/texmf-dist/tex/latex/amsmath/amsmath.sty
Package: amsmath 2013/01/14 v2.14 AMS math features
\@mathmargin=\skip50

For additional information on amsmath, use the `?' option.
(/usr/local/texlive/2013/texmf-dist/tex/latex/amsmath/amstext.sty
Package: amstext 2000/06/29 v2.01

(/usr/local/texlive/2013/texmf-dist/tex/latex/amsmath/amsgen.sty
File: amsgen.sty 1999/11/30 v2.0
\@emptytoks=\toks18
\ex@=\dimen126
))
(/usr/local/texlive/2013/texmf-dist/tex/latex/amsmath/amsbsy.sty
Package: amsbsy 1999/11/29 v1.2d
\pmbraise@=\dimen127
)
(/usr/local/texlive/2013/texmf-dist/tex/latex/amsmath/amsopn.sty
Package: amsopn 1999/12/14 v2.01 operator names
)
\inf@bad=\count98
LaTeX Info: Redefining \frac on input line 210.
\uproot@=\count99
\leftroot@=\count100
LaTeX Info: Redefining \overline on input line 306.
\classnum@=\count101
\DOTSCASE@=\count102
LaTeX Info: Redefining \ldots on input line 378.
LaTeX Info: Redefining \dots on input line 381.
LaTeX Info: Redefining \cdots on input line 466.
\Mathstrutbox@=\box27
\strutbox@=\box28
\big@size=\dimen128
LaTeX Font Info:    Redeclaring font encoding OML on input line 566.
LaTeX Font Info:    Redeclaring font encoding OMS on input line 567.
\macc@depth=\count103
\c@MaxMatrixCols=\count104
\dotsspace@=\muskip10
\c@parentequation=\count105
\dspbrk@lvl=\count106
\tag@help=\toks19
\row@=\count107
\column@=\count108
\maxfields@=\count109
\andhelp@=\toks20
\eqnshift@=\dimen129
\alignsep@=\dimen130
\tagshift@=\dimen131
\tagwidth@=\dimen132
\totwidth@=\dimen133
\lineht@=\dimen134
\@envbody=\toks21
\multlinegap=\skip51
\multlinetaggap=\skip52
\mathdisplay@stack=\toks22
LaTeX Info: Redefining \[ on input line 2665.
LaTeX Info: Redefining \] on input line 2666.
)
(/usr/local/texlive/2013/texmf-dist/tex/latex/setspace/setspace.sty
Package: setspace 2011/12/19 v6.7a set line spacing
)
(/usr/local/texlive/2013/texmf-dist/tex/latex/multirow/multirow.sty
\bigstrutjot=\dimen135
)
(/usr/local/texlive/2013/texmf-dist/tex/latex/hyperref/hyperref.sty
Package: hyperref 2012/11/06 v6.83m Hypertext links for LaTeX

(/usr/local/texlive/2013/texmf-dist/tex/generic/oberdiek/hobsub-hyperref.sty
Package: hobsub-hyperref 2012/05/28 v1.13 Bundle oberdiek, subset hyperref (HO)


(/usr/local/texlive/2013/texmf-dist/tex/generic/oberdiek/hobsub-generic.sty
Package: hobsub-generic 2012/05/28 v1.13 Bundle oberdiek, subset generic (HO)
Package: hobsub 2012/05/28 v1.13 Construct package bundles (HO)
Package hobsub Info: Skipping package `infwarerr' (already loaded).
Package hobsub Info: Skipping package `ltxcmds' (already loaded).
Package: ifluatex 2010/03/01 v1.3 Provides the ifluatex switch (HO)
Package ifluatex Info: LuaTeX not detected.
Package hobsub Info: Skipping package `ifvtex' (already loaded).
Package: intcalc 2007/09/27 v1.1 Expandable calculations with integers (HO)
Package hobsub Info: Skipping package `ifpdf' (already loaded).
Package: etexcmds 2011/02/16 v1.5 Avoid name clashes with e-TeX commands (HO)
Package etexcmds Info: Could not find \expanded.
(etexcmds)             That can mean that you are not using pdfTeX 1.50 or
(etexcmds)             that some package has redefined \expanded.
(etexcmds)             In the latter case, load this package earlier.
Package: kvsetkeys 2012/04/25 v1.16 Key value parser (HO)
Package: kvdefinekeys 2011/04/07 v1.3 Define keys (HO)
Package: pdftexcmds 2011/11/29 v0.20 Utility functions of pdfTeX for LuaTeX (HO
)
Package pdftexcmds Info: LuaTeX not detected.
Package pdftexcmds Info: \pdf@primitive is available.
Package pdftexcmds Info: \pdf@ifprimitive is available.
Package pdftexcmds Info: \pdfdraftmode found.
Package: pdfescape 2011/11/25 v1.13 Implements pdfTeX's escape features (HO)
Package: bigintcalc 2012/04/08 v1.3 Expandable calculations on big integers (HO
)
Package: bitset 2011/01/30 v1.1 Handle bit-vector datatype (HO)
Package: uniquecounter 2011/01/30 v1.2 Provide unlimited unique counter (HO)
)
Package hobsub Info: Skipping package `hobsub' (already loaded).
Package: letltxmacro 2010/09/02 v1.4 Let assignment for LaTeX macros (HO)
Package: hopatch 2012/05/28 v1.2 Wrapper for package hooks (HO)
Package: xcolor-patch 2011/01/30 xcolor patch
Package: atveryend 2011/06/30 v1.8 Hooks at the very end of document (HO)
Package atveryend Info: \enddocument detected (standard20110627).
Package: atbegshi 2011/10/05 v1.16 At begin shipout hook (HO)
Package: refcount 2011/10/16 v3.4 Data extraction from label references (HO)
Package: hycolor 2011/01/30 v1.7 Color options for hyperref/bookmark (HO)
)
(/usr/local/texlive/2013/texmf-dist/tex/latex/oberdiek/auxhook.sty
Package: auxhook 2011/03/04 v1.3 Hooks for auxiliary files (HO)
)
(/usr/local/texlive/2013/texmf-dist/tex/latex/oberdiek/kvoptions.sty
Package: kvoptions 2011/06/30 v3.11 Key value format for package options (HO)
)
\@linkdim=\dimen136
\Hy@linkcounter=\count110
\Hy@pagecounter=\count111

(/usr/local/texlive/2013/texmf-dist/tex/latex/hyperref/pd1enc.def
File: pd1enc.def 2012/11/06 v6.83m Hyperref: PDFDocEncoding definition (HO)
)
\Hy@SavedSpaceFactor=\count112

(/usr/local/texlive/2013/texmf-dist/tex/latex/latexconfig/hyperref.cfg
File: hyperref.cfg 2002/06/06 v1.2 hyperref configuration of TeXLive
)
Package hyperref Info: Hyper figures OFF on input line 4443.
Package hyperref Info: Link nesting OFF on input line 4448.
Package hyperref Info: Hyper index ON on input line 4451.
Package hyperref Info: Plain pages OFF on input line 4458.
Package hyperref Info: Backreferencing OFF on input line 4463.
Package hyperref Info: Implicit mode ON; LaTeX internals redefined.
Package hyperref Info: Bookmarks ON on input line 4688.
\c@Hy@tempcnt=\count113

(/usr/local/texlive/2013/texmf-dist/tex/latex/url/url.sty
\Urlmuskip=\muskip11
Package: url 2006/04/12  ver 3.3  Verb mode for urls, etc.
)
LaTeX Info: Redefining \url on input line 5041.
\XeTeXLinkMargin=\dimen137
\Fld@menulength=\count114
\Field@Width=\dimen138
\Fld@charsize=\dimen139
Package hyperref Info: Hyper figures OFF on input line 6295.
Package hyperref Info: Link nesting OFF on input line 6300.
Package hyperref Info: Hyper index ON on input line 6303.
Package hyperref Info: backreferencing OFF on input line 6310.
Package hyperref Info: Link coloring OFF on input line 6315.
Package hyperref Info: Link coloring with OCG OFF on input line 6320.
Package hyperref Info: PDF/A mode OFF on input line 6325.
LaTeX Info: Redefining \ref on input line 6365.
LaTeX Info: Redefining \pageref on input line 6369.
\Hy@abspage=\count115
\c@Item=\count116
\c@Hfootnote=\count117
)

Package hyperref Message: Driver (autodetected): hpdftex.

(/usr/local/texlive/2013/texmf-dist/tex/latex/hyperref/hpdftex.def
File: hpdftex.def 2012/11/06 v6.83m Hyperref driver for pdfTeX
\Fld@listcount=\count118
\c@bookmark@seq@number=\count119

(/usr/local/texlive/2013/texmf-dist/tex/latex/oberdiek/rerunfilecheck.sty
Package: rerunfilecheck 2011/04/15 v1.7 Rerun checks for auxiliary files (HO)
Package uniquecounter Info: New unique counter `rerunfilecheck' on input line 2
82.
)
\Hy@SectionHShift=\skip53
)
(/usr/local/texlive/2013/texmf-dist/tex/latex/upquote/upquote.sty
Package: upquote 2012/04/19 v1.3 upright-quote and grave-accent glyphs in verba
tim
)
(./NoiseHedonicFinal.aux)
\openout1 = `NoiseHedonicFinal.aux'.

LaTeX Font Info:    Checking defaults for OML/cmm/m/it on input line 80.
LaTeX Font Info:    ... okay on input line 80.
LaTeX Font Info:    Checking defaults for T1/cmr/m/n on input line 80.
LaTeX Font Info:    ... okay on input line 80.
LaTeX Font Info:    Checking defaults for OT1/cmr/m/n on input line 80.
LaTeX Font Info:    ... okay on input line 80.
LaTeX Font Info:    Checking defaults for OMS/cmsy/m/n on input line 80.
LaTeX Font Info:    ... okay on input line 80.
LaTeX Font Info:    Checking defaults for OMX/cmex/m/n on input line 80.
LaTeX Font Info:    ... okay on input line 80.
LaTeX Font Info:    Checking defaults for U/cmr/m/n on input line 80.
LaTeX Font Info:    ... okay on input line 80.
LaTeX Font Info:    Checking defaults for PD1/pdf/m/n on input line 80.
LaTeX Font Info:    ... okay on input line 80.

(/usr/local/texlive/2013/texmf-dist/tex/context/base/supp-pdf.mkii
[Loading MPS to PDF converter (version 2006.09.02).]
\scratchcounter=\count120
\scratchdimen=\dimen140
\scratchbox=\box29
\nofMPsegments=\count121
\nofMParguments=\count122
\everyMPshowfont=\toks23
\MPscratchCnt=\count123
\MPscratchDim=\dimen141
\MPnumerator=\count124
\makeMPintoPDFobject=\count125
\everyMPtoPDFconversion=\toks24
) (/usr/local/texlive/2013/texmf-dist/tex/latex/oberdiek/epstopdf-base.sty
Package: epstopdf-base 2010/02/09 v2.5 Base part for package epstopdf

(/usr/local/texlive/2013/texmf-dist/tex/latex/oberdiek/grfext.sty
Package: grfext 2010/08/19 v1.1 Manage graphics extensions (HO)
)
Package grfext Info: Graphics extension search list:
(grfext)             [.png,.pdf,.jpg,.mps,.jpeg,.jbig2,.jb2,.PNG,.PDF,.JPG,.JPE
G,.JBIG2,.JB2,.eps]
(grfext)             \AppendGraphicsExtensions on input line 452.

(/usr/local/texlive/2013/texmf-dist/tex/latex/latexconfig/epstopdf-sys.cfg
File: epstopdf-sys.cfg 2010/07/13 v1.3 Configuration of (r)epstopdf for TeX Liv
e
))
*geometry* driver: auto-detecting
*geometry* detected driver: pdftex
*geometry* verbose mode - [ preamble ] result:
* driver: pdftex
* paper: <default>
* layout: <same size as paper>
* layoutoffset:(h,v)=(0.0pt,0.0pt)
* modes: 
* h-part:(L,W,R)=(108.405pt, 397.48499pt, 108.40501pt)
* v-part:(T,H,B)=(95.39737pt, 556.47656pt, 143.09605pt)
* \paperwidth=614.295pt
* \paperheight=794.96999pt
* \textwidth=397.48499pt
* \textheight=556.47656pt
* \oddsidemargin=36.13501pt
* \evensidemargin=36.13501pt
* \topmargin=-13.87262pt
* \headheight=12.0pt
* \headsep=25.0pt
* \topskip=10.0pt
* \footskip=30.0pt
* \marginparwidth=65.0pt
* \marginparsep=11.0pt
* \columnsep=10.0pt
* \skip\footins=9.0pt plus 4.0pt minus 2.0pt
* \hoffset=0.0pt
* \voffset=0.0pt
* \mag=1000
* \@twocolumnfalse
* \@twosidefalse
* \@mparswitchfalse
* \@reversemarginfalse
* (1in=72.27pt=25.4mm, 1cm=28.453pt)

Package caption Info: Begin \AtBeginDocument code.
Package caption Info: hyperref package is loaded.
Package caption Info: End \AtBeginDocument code.
\AtBeginShipoutBox=\box30
Package hyperref Info: Link coloring OFF on input line 80.
(/usr/local/texlive/2013/texmf-dist/tex/latex/hyperref/nameref.sty
Package: nameref 2012/10/27 v2.43 Cross-referencing by name of section

(/usr/local/texlive/2013/texmf-dist/tex/generic/oberdiek/gettitlestring.sty
Package: gettitlestring 2010/12/03 v1.4 Cleanup title references (HO)
)
\c@section@level=\count126
)
LaTeX Info: Redefining \ref on input line 80.
LaTeX Info: Redefining \pageref on input line 80.
LaTeX Info: Redefining \nameref on input line 80.

(./NoiseHedonicFinal.out) (./NoiseHedonicFinal.out)
\@outlinefile=\write5
\openout5 = `NoiseHedonicFinal.out'.

 [1

{/usr/local/texlive/2013/texmf-var/fonts/map/pdftex/updmap/pdftex.map}] [1

] [2] [3]
\openout3 = `NoiseHedonicFinal.fff'.


(NoiseHedonicFinal.fff)
\openout4 = `NoiseHedonicFinal.ttt'.

 (NoiseHedonicFinal.ttt) [4] [5] [6] [7] [8] [9]
[10] [11] [12] [13] [14] [15] [16] [17] [18] [19] [20] [21]
(./NoiseHedonicFinalBib.bbl [22] [23] [24]
Missing character: There is no Ã in font cmr10!
Missing character: There is no ¸ in font cmr10!
)
AED endfloat: Processing end Figures and Tables [25] (./NoiseHedonicFinal.fff

pdfTeX warning: /usr/texbin/pdflatex (file ../graphs/Figure01.pdf): PDF inclusi
on: found PDF version <1.6>, but at most version <1.5> allowed
<../graphs/Figure01.pdf, id=426, 794.97pt x 614.295pt>
File: ../graphs/Figure01.pdf Graphic file (type pdf)

<use ../graphs/Figure01.pdf>
Package pdftex.def Info: ../graphs/Figure01.pdf used on input line 4.
(pdftex.def)             Requested size: 476.98076pt x 368.5892pt.
 [26 <../graphs/Figure01.pdf>]

pdfTeX warning: /usr/texbin/pdflatex (file ../graphs/Figure02.pdf): PDF inclusi
on: found PDF version <1.6>, but at most version <1.5> allowed
<../graphs/Figure02.pdf, id=485, 679.02505pt x 614.295pt>
File: ../graphs/Figure02.pdf Graphic file (type pdf)

<use ../graphs/Figure02.pdf>
Package pdftex.def Info: ../graphs/Figure02.pdf used on input line 11.
(pdftex.def)             Requested size: 397.48499pt x 359.60014pt.
 [27 <../graphs/Figure02.pdf>]
<../graphs/Figure03.pdf, id=550, 578.16pt x 433.62pt>
File: ../graphs/Figure03.pdf Graphic file (type pdf)

<use ../graphs/Figure03.pdf>
Package pdftex.def Info: ../graphs/Figure03.pdf used on input line 18.
(pdftex.def)             Requested size: 476.98076pt x 357.7343pt.
 [28 <../graphs/Figure03.pdf>]
<../graphs/Figure04.pdf, id=564, 433.62pt x 289.08pt>
File: ../graphs/Figure04.pdf Graphic file (type pdf)

<use ../graphs/Figure04.pdf>
Package pdftex.def Info: ../graphs/Figure04.pdf used on input line 25.
(pdftex.def)             Requested size: 437.2359pt x 291.50533pt.
 [29 <../graphs/Figure04.pdf>]

pdfTeX warning: /usr/texbin/pdflatex (file ../graphs/Figure05.pdf): PDF inclusi
on: found PDF version <1.6>, but at most version <1.5> allowed
<../graphs/Figure05.pdf, id=575, 614.295pt x 794.97pt>
File: ../graphs/Figure05.pdf Graphic file (type pdf)

<use ../graphs/Figure05.pdf>
Package pdftex.def Info: ../graphs/Figure05.pdf used on input line 32.
(pdftex.def)             Requested size: 437.2359pt x 565.83977pt.


LaTeX Warning: Float too large for page by 79.3632pt on input line 35.

[30 <../graphs/Figure05.pdf>]

pdfTeX warning: /usr/texbin/pdflatex (file ../graphs/Figure06.pdf): PDF inclusi
on: found PDF version <1.6>, but at most version <1.5> allowed
<../graphs/Figure06.pdf, id=634, 614.295pt x 794.97pt>
File: ../graphs/Figure06.pdf Graphic file (type pdf)

<use ../graphs/Figure06.pdf>
Package pdftex.def Info: ../graphs/Figure06.pdf used on input line 39.
(pdftex.def)             Requested size: 437.2359pt x 565.83977pt.


LaTeX Warning: Float too large for page by 91.3632pt on input line 42.

[31 <../graphs/Figure06.pdf>]

pdfTeX warning: /usr/texbin/pdflatex (file ../graphs/Figure07.pdf): PDF inclusi
on: found PDF version <1.6>, but at most version <1.5> allowed
<../graphs/Figure07.pdf, id=693, 614.295pt x 794.97pt>
File: ../graphs/Figure07.pdf Graphic file (type pdf)

<use ../graphs/Figure07.pdf>
Package pdftex.def Info: ../graphs/Figure07.pdf used on input line 46.
(pdftex.def)             Requested size: 437.2359pt x 565.83977pt.


LaTeX Warning: Float too large for page by 91.3632pt on input line 49.

[32 <../graphs/Figure07.pdf>]
<../graphs/Figure08.pdf, id=751, 433.62pt x 578.16pt>
File: ../graphs/Figure08.pdf Graphic file (type pdf)

<use ../graphs/Figure08.pdf>
Package pdftex.def Info: ../graphs/Figure08.pdf used on input line 53.
(pdftex.def)             Requested size: 375.6187pt x 500.8255pt.


LaTeX Warning: Float too large for page by 38.34894pt on input line 56.

[33 <../graphs/Figure08.pdf>]

pdfTeX warning: /usr/texbin/pdflatex (file ../graphs/Figure09.pdf): PDF inclusi
on: found PDF version <1.6>, but at most version <1.5> allowed
<../graphs/Figure09.pdf, id=778, 794.97pt x 614.295pt>
File: ../graphs/Figure09.pdf Graphic file (type pdf)

<use ../graphs/Figure09.pdf>
Package pdftex.def Info: ../graphs/Figure09.pdf used on input line 61.
(pdftex.def)             Requested size: 556.47656pt x 390.1785pt.
 [34 <../graphs/Figure09.pdf>]

pdfTeX warning: /usr/texbin/pdflatex (file ../graphs/Figure10.pdf): PDF inclusi
on: found PDF version <1.6>, but at most version <1.5> allowed
<../graphs/Figure10.pdf, id=853, 794.97pt x 614.295pt>
File: ../graphs/Figure10.pdf Graphic file (type pdf)

<use ../graphs/Figure10.pdf>
Package pdftex.def Info: ../graphs/Figure10.pdf used on input line 69.
(pdftex.def)             Requested size: 556.47656pt x 390.1785pt.
 [35 <../graphs/Figure10.pdf>]

pdfTeX warning: /usr/texbin/pdflatex (file ../graphs/Figure11.pdf): PDF inclusi
on: found PDF version <1.6>, but at most version <1.5> allowed
<../graphs/Figure11.pdf, id=929, 794.97pt x 614.295pt>
File: ../graphs/Figure11.pdf Graphic file (type pdf)

<use ../graphs/Figure11.pdf>
Package pdftex.def Info: ../graphs/Figure11.pdf used on input line 77.
(pdftex.def)             Requested size: 556.47656pt x 390.1785pt.
 [36 <../graphs/Figure11.pdf>]
<../graphs/Figure12.pdf, id=1004, 578.16pt x 433.62pt>
File: ../graphs/Figure12.pdf Graphic file (type pdf)

<use ../graphs/Figure12.pdf>
Package pdftex.def Info: ../graphs/Figure12.pdf used on input line 84.
(pdftex.def)             Requested size: 397.48499pt x 298.11302pt.
 [37 <../graphs/Figure12.pdf>])
(./NoiseHedonicFinal.ttt [38] [39] [40] [41]
Overfull \hbox (10.47636pt too wide) in paragraph at lines 160--160
[]\OT1/cmr/m/n/10 Table 5: |[]| 
 []

[42



















]
Overfull \hbox (7.55563pt too wide) detected at line 236
$\OML/cmm/m/it/7 :\OT1/cmr/m/n/7 00005[]$ 
 []


Overfull \hbox (3.5695pt too wide) detected at line 236
$\OML/cmm/m/it/7 :\OT1/cmr/m/n/7 00003[]$ 
 []


Overfull \hbox (3.5695pt too wide) detected at line 236
$\OML/cmm/m/it/7 :\OT1/cmr/m/n/7 00005[]$ 
 []


Overfull \hbox (3.5695pt too wide) detected at line 236
$\OML/cmm/m/it/7 :\OT1/cmr/m/n/7 00003[]$ 
 []


Overfull \hbox (3.5695pt too wide) detected at line 237
$\OML/cmm/m/it/7 :\OT1/cmr/m/n/7 00004[]$ 
 []


Overfull \hbox (3.12502pt too wide) detected at line 237
$\OML/cmm/m/it/7 :\OT1/cmr/m/n/7 000001)$ 
 []


Overfull \hbox (7.55563pt too wide) detected at line 239
$\OML/cmm/m/it/7 :\OT1/cmr/m/n/7 000001[]$ 
 []


Overfull \hbox (7.55563pt too wide) detected at line 239
$\OML/cmm/m/it/7 :\OT1/cmr/m/n/7 000001[]$ 
 []


Overfull \hbox (7.55563pt too wide) detected at line 240
$\OML/cmm/m/it/7 :\OT1/cmr/m/n/7 000001[]$ 
 []


Overfull \hbox (7.11115pt too wide) detected at line 240
$\OML/cmm/m/it/7 :\OT1/cmr/m/n/7 00000005)$ 
 []


Overfull \hbox (7.11115pt too wide) detected at line 240
$\OML/cmm/m/it/7 :\OT1/cmr/m/n/7 00000004)$ 
 []


Overfull \hbox (3.12502pt too wide) detected at line 241
$\OML/cmm/m/it/7 :\OT1/cmr/m/n/7 0000001)$ 
 []


Overfull \hbox (3.5695pt too wide) detected at line 242
$\OML/cmm/m/it/7 :\OT1/cmr/m/n/7 0016[]$ 
 []


Overfull \hbox (3.33174pt too wide) in paragraph at lines 229--253
 [][] 
 []

[43

]
Overfull \hbox (7.55563pt too wide) detected at line 267
$\OML/cmm/m/it/7 :\OT1/cmr/m/n/7 00005[]$ 
 []


Overfull \hbox (3.5695pt too wide) detected at line 267
$\OML/cmm/m/it/7 :\OT1/cmr/m/n/7 00003[]$ 
 []


Overfull \hbox (3.5695pt too wide) detected at line 267
$\OML/cmm/m/it/7 :\OT1/cmr/m/n/7 00005[]$ 
 []


Overfull \hbox (3.5695pt too wide) detected at line 267
$\OML/cmm/m/it/7 :\OT1/cmr/m/n/7 00003[]$ 
 []


Overfull \hbox (3.5695pt too wide) detected at line 267
$\OML/cmm/m/it/7 :\OT1/cmr/m/n/7 00005[]$ 
 []


Overfull \hbox (7.11115pt too wide) detected at line 268
$\OML/cmm/m/it/7 :\OT1/cmr/m/n/7 0000003)$ 
 []


Overfull \hbox (3.12502pt too wide) detected at line 268
$\OML/cmm/m/it/7 :\OT1/cmr/m/n/7 0000003)$ 
 []


Overfull \hbox (7.55563pt too wide) detected at line 270
$\OML/cmm/m/it/7 :\OT1/cmr/m/n/7 000001[]$ 
 []


Overfull \hbox (7.55563pt too wide) detected at line 270
$\OML/cmm/m/it/7 :\OT1/cmr/m/n/7 000001[]$ 
 []


Overfull \hbox (7.55563pt too wide) detected at line 271
$\OML/cmm/m/it/7 :\OT1/cmr/m/n/7 000001[]$ 
 []


Overfull \hbox (7.11115pt too wide) detected at line 271
$\OML/cmm/m/it/7 :\OT1/cmr/m/n/7 00000002)$ 
 []


Overfull \hbox (7.11115pt too wide) detected at line 271
$\OML/cmm/m/it/7 :\OT1/cmr/m/n/7 00000002)$ 
 []


Overfull \hbox (3.12502pt too wide) detected at line 272
$\OML/cmm/m/it/7 :\OT1/cmr/m/n/7 0000001)$ 
 []


Overfull \hbox (3.5695pt too wide) detected at line 273
$\OML/cmm/m/it/7 :\OT1/cmr/m/n/7 0014[]$ 
 []


Overfull \hbox (3.33174pt too wide) in paragraph at lines 260--284
 [][] 
 []

[44

])
Package atveryend Info: Empty hook `BeforeClearDocument' on input line 624.
Package atveryend Info: Empty hook `AfterLastShipout' on input line 624.
 (./NoiseHedonicFinal.aux)
Package atveryend Info: Executing hook `AtVeryEndDocument' on input line 624.
Package atveryend Info: Executing hook `AtEndAfterFileList' on input line 624.
Package rerunfilecheck Info: File `NoiseHedonicFinal.out' has not changed.
(rerunfilecheck)             Checksum: 2D7F0BF9E20F384F4027F0E2B0D89EA5;333.
Package atveryend Info: Empty hook `AtVeryVeryEnd' on input line 624.
 ) 
Here is how much of TeX's memory you used:
 8438 strings out of 493315
 127276 string characters out of 6137904
 242720 words of memory out of 5000000
 11602 multiletter control sequences out of 15000+600000
 13000 words of font info for 46 fonts, out of 8000000 for 9000
 957 hyphenation exceptions out of 8191
 36i,17n,38p,1470b,558s stack positions out of 5000i,500n,10000p,200000b,80000s
</usr/local/texlive/2013/texmf-dist/fonts/type1/public/amsfonts/cm/cmbx10.pfb
></usr/local/texlive/2013/texmf-dist/fonts/type1/public/amsfonts/cm/cmbx12.pfb>
</usr/local/texlive/2013/texmf-dist/fonts/type1/public/amsfonts/cm/cmbx9.pfb></
usr/local/texlive/2013/texmf-dist/fonts/type1/public/amsfonts/cm/cmex10.pfb></u
sr/local/texlive/2013/texmf-dist/fonts/type1/public/amsfonts/cm/cmmi10.pfb></us
r/local/texlive/2013/texmf-dist/fonts/type1/public/amsfonts/cm/cmmi7.pfb></usr/
local/texlive/2013/texmf-dist/fonts/type1/public/amsfonts/cm/cmr10.pfb></usr/lo
cal/texlive/2013/texmf-dist/fonts/type1/public/amsfonts/cm/cmr12.pfb></usr/loca
l/texlive/2013/texmf-dist/fonts/type1/public/amsfonts/cm/cmr17.pfb></usr/local/
texlive/2013/texmf-dist/fonts/type1/public/amsfonts/cm/cmr5.pfb></usr/local/tex
live/2013/texmf-dist/fonts/type1/public/amsfonts/cm/cmr6.pfb></usr/local/texliv
e/2013/texmf-dist/fonts/type1/public/amsfonts/cm/cmr7.pfb></usr/local/texlive/2
013/texmf-dist/fonts/type1/public/amsfonts/cm/cmr8.pfb></usr/local/texlive/2013
/texmf-dist/fonts/type1/public/amsfonts/cm/cmr9.pfb></usr/local/texlive/2013/te
xmf-dist/fonts/type1/public/amsfonts/cm/cmsy10.pfb></usr/local/texlive/2013/tex
mf-dist/fonts/type1/public/amsfonts/cm/cmsy5.pfb></usr/local/texlive/2013/texmf
-dist/fonts/type1/public/amsfonts/cm/cmsy6.pfb></usr/local/texlive/2013/texmf-d
ist/fonts/type1/public/amsfonts/cm/cmsy7.pfb></usr/local/texlive/2013/texmf-dis
t/fonts/type1/public/amsfonts/cm/cmsy8.pfb></usr/local/texlive/2013/texmf-dist/
fonts/type1/public/amsfonts/cm/cmti10.pfb></usr/local/texlive/2013/texmf-dist/f
onts/type1/public/amsfonts/cm/cmti7.pfb></usr/local/texlive/2013/texmf-dist/fon
ts/type1/public/amsfonts/cm/cmtt8.pfb></usr/local/texlive/2013/texmf-dist/fonts
/type1/urw/zapfding/uzdr.pfb>
Output written on NoiseHedonicFinal.pdf (45 pages, 6928826 bytes).
PDF statistics:
 1201 PDF objects out of 1440 (max. 8388607)
 941 compressed objects within 10 object streams
 143 named destinations out of 1000 (max. 500000)
 127 words of extra memory for PDF output out of 10000 (max. 10000000)

